<?xml version="1.0" encoding="UTF-8"?>
<!-- Generated by org.testng.reporters.JUnitReportReporter -->
<testsuite skipped="0" hostname="Mamun79s-MBP.fios-router.home" name="SeleniumRecordAndPlay.SeleniumTest" tests="1" failures="0" timestamp="11 Jun 2019 04:56:10 GMT" time="1.988" errors="0">
  <testcase name="testSelenium" time="1.988" classname="SeleniumRecordAndPlay.SeleniumTest"/>
</testsuite> <!-- SeleniumRecordAndPlay.SeleniumTest -->
